  regs.c
d:\virtual machine\xemul\src\types.h(19): warning C4068: unknown pragma
d:\virtual machine\xemul\src\types.h(20): warning C4068: unknown pragma
d:\virtual machine\xemul\src\types.h(21): error C2061: syntax error: identifier 'flt128_t'
d:\virtual machine\xemul\src\types.h(21): error C2059: syntax error: ';'
d:\virtual machine\xemul\src\types.h(22): warning C4068: unknown pragma
d:\virtual machine\xemul\src\types.h(64): error C2061: syntax error: identifier 'flt128_t'
d:\virtual machine\xemul\src\types.h(65): error C2061: syntax error: identifier 'xmm1'
d:\virtual machine\xemul\src\types.h(65): error C2059: syntax error: ';'
d:\virtual machine\xemul\src\types.h(66): error C2061: syntax error: identifier 'xmm2'
d:\virtual machine\xemul\src\types.h(66): error C2059: syntax error: ';'
d:\virtual machine\xemul\src\types.h(67): error C2061: syntax error: identifier 'xmm3'
d:\virtual machine\xemul\src\types.h(67): error C2059: syntax error: ';'
d:\virtual machine\xemul\src\types.h(68): error C2061: syntax error: identifier 'xmm4'
d:\virtual machine\xemul\src\types.h(68): error C2059: syntax error: ';'
d:\virtual machine\xemul\src\types.h(69): error C2061: syntax error: identifier 'xmm5'
d:\virtual machine\xemul\src\types.h(69): error C2059: syntax error: ';'
d:\virtual machine\xemul\src\types.h(70): error C2061: syntax error: identifier 'xmm6'
d:\virtual machine\xemul\src\types.h(70): error C2059: syntax error: ';'
d:\virtual machine\xemul\src\types.h(71): error C2061: syntax error: identifier 'xmm7'
d:\virtual machine\xemul\src\types.h(71): error C2059: syntax error: ';'
d:\virtual machine\xemul\src\types.h(72): error C2061: syntax error: identifier 'xmm8'
d:\virtual machine\xemul\src\types.h(72): error C2059: syntax error: ';'
d:\virtual machine\xemul\src\types.h(73): error C2061: syntax error: identifier 'xmm9'
d:\virtual machine\xemul\src\types.h(73): error C2059: syntax error: ';'
d:\virtual machine\xemul\src\types.h(74): error C2061: syntax error: identifier 'xmm10'
d:\virtual machine\xemul\src\types.h(74): error C2059: syntax error: ';'
d:\virtual machine\xemul\src\types.h(75): error C2061: syntax error: identifier 'xmm11'
d:\virtual machine\xemul\src\types.h(75): error C2059: syntax error: ';'
d:\virtual machine\xemul\src\types.h(76): error C2061: syntax error: identifier 'xmm12'
d:\virtual machine\xemul\src\types.h(76): error C2059: syntax error: ';'
d:\virtual machine\xemul\src\types.h(77): error C2061: syntax error: identifier 'xmm13'
d:\virtual machine\xemul\src\types.h(77): error C2059: syntax error: ';'
d:\virtual machine\xemul\src\types.h(78): error C2061: syntax error: identifier 'xmm14'
d:\virtual machine\xemul\src\types.h(78): error C2059: syntax error: ';'
d:\virtual machine\xemul\src\types.h(79): error C2061: syntax error: identifier 'xmm15'
d:\virtual machine\xemul\src\types.h(79): error C2059: syntax error: ';'
d:\virtual machine\xemul\src\types.h(80): error C2059: syntax error: '}'
d:\virtual machine\xemul\src\types.h(164): error C2061: syntax error: identifier 'sseregs_t'
d:\virtual machine\xemul\src\types.h(172): error C2059: syntax error: '}'
d:\virtual machine\xemul\src\regs.h(10): error C2143: syntax error: missing '{' before '*'
d:\virtual machine\xemul\src\regs.h(10): error C2146: syntax error: missing ')' before identifier 'pregs'
d:\virtual machine\xemul\src\regs.h(10): error C2061: syntax error: identifier 'pregs'
d:\virtual machine\xemul\src\regs.h(10): error C2059: syntax error: ';'
d:\virtual machine\xemul\src\regs.h(10): error C2059: syntax error: ')'
d:\virtual machine\xemul\src\regs.c(7): error C2143: syntax error: missing '{' before '*'
d:\virtual machine\xemul\src\regs.c(7): error C2143: syntax error: missing ')' before '*'
d:\virtual machine\xemul\src\regs.c(7): error C2059: syntax error: ')'
d:\virtual machine\xemul\src\regs.c(8): error C2054: expected '(' to follow 'pregs'
  main.c
d:\virtual machine\xemul\src\types.h(19): warning C4068: unknown pragma
d:\virtual machine\xemul\src\types.h(20): warning C4068: unknown pragma
d:\virtual machine\xemul\src\types.h(21): error C2061: syntax error: identifier 'flt128_t'
d:\virtual machine\xemul\src\types.h(21): error C2059: syntax error: ';'
d:\virtual machine\xemul\src\types.h(22): warning C4068: unknown pragma
d:\virtual machine\xemul\src\types.h(64): error C2061: syntax error: identifier 'flt128_t'
d:\virtual machine\xemul\src\types.h(65): error C2061: syntax error: identifier 'xmm1'
d:\virtual machine\xemul\src\types.h(65): error C2059: syntax error: ';'
d:\virtual machine\xemul\src\types.h(66): error C2061: syntax error: identifier 'xmm2'
d:\virtual machine\xemul\src\types.h(66): error C2059: syntax error: ';'
d:\virtual machine\xemul\src\types.h(67): error C2061: syntax error: identifier 'xmm3'
d:\virtual machine\xemul\src\types.h(67): error C2059: syntax error: ';'
d:\virtual machine\xemul\src\types.h(68): error C2061: syntax error: identifier 'xmm4'
d:\virtual machine\xemul\src\types.h(68): error C2059: syntax error: ';'
d:\virtual machine\xemul\src\types.h(69): error C2061: syntax error: identifier 'xmm5'
d:\virtual machine\xemul\src\types.h(69): error C2059: syntax error: ';'
d:\virtual machine\xemul\src\types.h(70): error C2061: syntax error: identifier 'xmm6'
d:\virtual machine\xemul\src\types.h(70): error C2059: syntax error: ';'
d:\virtual machine\xemul\src\types.h(71): error C2061: syntax error: identifier 'xmm7'
d:\virtual machine\xemul\src\types.h(71): error C2059: syntax error: ';'
d:\virtual machine\xemul\src\types.h(72): error C2061: syntax error: identifier 'xmm8'
d:\virtual machine\xemul\src\types.h(72): error C2059: syntax error: ';'
d:\virtual machine\xemul\src\types.h(73): error C2061: syntax error: identifier 'xmm9'
d:\virtual machine\xemul\src\types.h(73): error C2059: syntax error: ';'
d:\virtual machine\xemul\src\types.h(74): error C2061: syntax error: identifier 'xmm10'
d:\virtual machine\xemul\src\types.h(74): error C2059: syntax error: ';'
d:\virtual machine\xemul\src\types.h(75): error C2061: syntax error: identifier 'xmm11'
d:\virtual machine\xemul\src\types.h(75): error C2059: syntax error: ';'
d:\virtual machine\xemul\src\types.h(76): error C2061: syntax error: identifier 'xmm12'
d:\virtual machine\xemul\src\types.h(76): error C2059: syntax error: ';'
d:\virtual machine\xemul\src\types.h(77): error C2061: syntax error: identifier 'xmm13'
d:\virtual machine\xemul\src\types.h(77): error C2059: syntax error: ';'
d:\virtual machine\xemul\src\types.h(78): error C2061: syntax error: identifier 'xmm14'
d:\virtual machine\xemul\src\types.h(78): error C2059: syntax error: ';'
d:\virtual machine\xemul\src\types.h(79): error C2061: syntax error: identifier 'xmm15'
d:\virtual machine\xemul\src\types.h(79): error C2059: syntax error: ';'
d:\virtual machine\xemul\src\types.h(80): error C2059: syntax error: '}'
d:\virtual machine\xemul\src\types.h(164): error C2061: syntax error: identifier 'sseregs_t'
d:\virtual machine\xemul\src\types.h(172): error C2059: syntax error: '}'
d:\virtual machine\xemul\src\regs.h(10): error C2143: syntax error: missing '{' before '*'
d:\virtual machine\xemul\src\regs.h(10): error C2146: syntax error: missing ')' before identifier 'pregs'
d:\virtual machine\xemul\src\regs.h(10): error C2061: syntax error: identifier 'pregs'
d:\virtual machine\xemul\src\regs.h(10): error C2059: syntax error: ';'
d:\virtual machine\xemul\src\regs.h(10): error C2059: syntax error: ')'
d:\virtual machine\xemul\src\main.c(23): error C2065: 'flt128_t': undeclared identifier
d:\virtual machine\xemul\src\main.c(24): error C2065: 'regs_t': undeclared identifier
d:\virtual machine\xemul\src\main.c(27): error C2146: syntax error: missing ')' before identifier 'pregs'
d:\virtual machine\xemul\src\main.c(27): error C2061: syntax error: identifier 'pregs'
d:\virtual machine\xemul\src\main.c(27): error C2059: syntax error: ';'
d:\virtual machine\xemul\src\main.c(27): error C2059: syntax error: ')'
d:\virtual machine\xemul\src\main.c(28): error C2449: found '{' at file scope (missing function header?)
d:\virtual machine\xemul\src\main.c(40): error C2059: syntax error: '}'
  Generating Code...
